<?xml version="1.0" encoding="UTF-8"?>
<testng-results skipped="0" failed="1" ignored="0" total="4" passed="3">
  <reporter-output>
  </reporter-output>
  <suite name="PHPTravels Customer Module Test Suite" duration-ms="298376" started-at="2022-10-17T15:35:09Z" finished-at="2022-10-17T15:40:08Z">
    <groups>
      <group name="cucumber">
        <method signature="AbstractTestNGCucumberTests.feature(cucumber.api.testng.CucumberFeatureWrapper)[pri:0, instance:testrunners.CustomerLoginTest@73ad2d6]" name="feature" class="cucumber.api.testng.AbstractTestNGCucumberTests"/>
        <method signature="AbstractTestNGCucumberTests.feature(cucumber.api.testng.CucumberFeatureWrapper)[pri:0, instance:testrunners.CustomerLoginToInvalidSecs@dc24521]" name="feature" class="cucumber.api.testng.AbstractTestNGCucumberTests"/>
        <method signature="AbstractTestNGCucumberTests.feature(cucumber.api.testng.CucumberFeatureWrapper)[pri:0, instance:testrunners.BookHotelTest@3c0f93f1]" name="feature" class="cucumber.api.testng.AbstractTestNGCucumberTests"/>
        <method signature="AbstractTestNGCucumberTests.feature(cucumber.api.testng.CucumberFeatureWrapper)[pri:0, instance:testrunners.CustomerProfileManagementTest@4e1d422d]" name="feature" class="cucumber.api.testng.AbstractTestNGCucumberTests"/>
      </group> <!-- cucumber -->
    </groups>
    <test name="Customer Login Test" duration-ms="90090" started-at="2022-10-17T15:35:09Z" finished-at="2022-10-17T15:36:39Z">
      <class name="testrunners.CustomerLoginTest">
        <test-method status="PASS" signature="setUpClass()[pri:0, instance:testrunners.CustomerLoginTest@73ad2d6]" name="setUpClass" is-config="true" duration-ms="274" started-at="2022-10-17T15:35:09Z" finished-at="2022-10-17T15:35:09Z">
          <reporter-output>
          </reporter-output>
        </test-method> <!-- setUpClass -->
        <test-method status="PASS" signature="feature(cucumber.api.testng.CucumberFeatureWrapper)[pri:0, instance:testrunners.CustomerLoginTest@73ad2d6]" name="feature" duration-ms="89335" started-at="2022-10-17T15:35:10Z" description="Runs Cucumber Feature" data-provider="features" finished-at="2022-10-17T15:36:39Z">
          <params>
            <param index="0">
              <value>
                <![CDATA[Customer Login]]>
              </value>
            </param>
          </params>
          <reporter-output>
          </reporter-output>
        </test-method> <!-- feature -->
        <test-method status="PASS" signature="tearDownClass()[pri:0, instance:testrunners.CustomerLoginTest@73ad2d6]" name="tearDownClass" is-config="true" duration-ms="398" started-at="2022-10-17T15:36:39Z" finished-at="2022-10-17T15:36:39Z">
          <reporter-output>
          </reporter-output>
        </test-method> <!-- tearDownClass -->
      </class> <!-- testrunners.CustomerLoginTest -->
    </test> <!-- Customer Login Test -->
    <test name="Customer Access to denied section Test" duration-ms="73642" started-at="2022-10-17T15:36:39Z" finished-at="2022-10-17T15:37:53Z">
      <class name="testrunners.CustomerLoginToInvalidSecs">
        <test-method status="PASS" signature="setUpClass()[pri:0, instance:testrunners.CustomerLoginToInvalidSecs@dc24521]" name="setUpClass" is-config="true" duration-ms="32" started-at="2022-10-17T15:36:39Z" finished-at="2022-10-17T15:36:39Z">
          <reporter-output>
          </reporter-output>
        </test-method> <!-- setUpClass -->
        <test-method status="FAIL" signature="feature(cucumber.api.testng.CucumberFeatureWrapper)[pri:0, instance:testrunners.CustomerLoginToInvalidSecs@dc24521]" name="feature" duration-ms="73505" started-at="2022-10-17T15:36:39Z" description="Runs Cucumber Feature" data-provider="features" finished-at="2022-10-17T15:37:53Z">
          <params>
            <param index="0">
              <value>
                <![CDATA[Customer access to non-permitted sections]]>
              </value>
            </param>
          </params>
          <exception class="cucumber.runtime.CucumberException">
            <message>
              <![CDATA[org.openqa.selenium.NoSuchElementException: no such element: Unable to locate element: {"method":"xpath","selector":"/html/body/div[4]/div/div[2]/div[2]/div/div"}
  (Session info: chrome=106.0.5249.119)
For documentation on this error, please visit: https://www.seleniumhq.org/exceptions/no_such_element.html
Build info: version: '3.141.59', revision: 'e82be7d358', time: '2018-11-14T08:17:03'
System info: host: 'RANJITHA-PC', ip: '192.168.18.174', os.name: 'Windows 10', os.arch: 'amd64', os.version: '10.0', java.version: '1.8.0_121'
Driver info: org.openqa.selenium.chrome.ChromeDriver
Capabilities {acceptInsecureCerts: false, browserName: chrome, browserVersion: 106.0.5249.119, chrome: {chromedriverVersion: 106.0.5249.61 (511755355844..., userDataDir: C:\Users\MYPC~1\AppData\Loc...}, goog:chromeOptions: {debuggerAddress: localhost:60774}, javascriptEnabled: true, networkConnectionEnabled: false, pageLoadStrategy: normal, platform: WINDOWS, platformName: WINDOWS, proxy: Proxy(), setWindowRect: true, strictFileInteractability: false, timeouts: {implicit: 0, pageLoad: 300000, script: 30000}, unhandledPromptBehavior: dismiss and notify, webauthn:extension:credBlob: true, webauthn:extension:largeBlob: true, webauthn:virtualAuthenticators: true}
Session ID: 79effa7bbf5e7b7d9c7023af35177fcd
*** Element info: {Using=xpath, value=/html/body/div[4]/div/div[2]/div[2]/div/div}]]>
            </message>
            <full-stacktrace>
              <![CDATA[cucumber.runtime.CucumberException: org.openqa.selenium.NoSuchElementException: no such element: Unable to locate element: {"method":"xpath","selector":"/html/body/div[4]/div/div[2]/div[2]/div/div"}
  (Session info: chrome=106.0.5249.119)
For documentation on this error, please visit: https://www.seleniumhq.org/exceptions/no_such_element.html
Build info: version: '3.141.59', revision: 'e82be7d358', time: '2018-11-14T08:17:03'
System info: host: 'RANJITHA-PC', ip: '192.168.18.174', os.name: 'Windows 10', os.arch: 'amd64', os.version: '10.0', java.version: '1.8.0_121'
Driver info: org.openqa.selenium.chrome.ChromeDriver
Capabilities {acceptInsecureCerts: false, browserName: chrome, browserVersion: 106.0.5249.119, chrome: {chromedriverVersion: 106.0.5249.61 (511755355844..., userDataDir: C:\Users\MYPC~1\AppData\Loc...}, goog:chromeOptions: {debuggerAddress: localhost:60774}, javascriptEnabled: true, networkConnectionEnabled: false, pageLoadStrategy: normal, platform: WINDOWS, platformName: WINDOWS, proxy: Proxy(), setWindowRect: true, strictFileInteractability: false, timeouts: {implicit: 0, pageLoad: 300000, script: 30000}, unhandledPromptBehavior: dismiss and notify, webauthn:extension:credBlob: true, webauthn:extension:largeBlob: true, webauthn:virtualAuthenticators: true}
Session ID: 79effa7bbf5e7b7d9c7023af35177fcd
*** Element info: {Using=xpath, value=/html/body/div[4]/div/div[2]/div[2]/div/div}
at cucumber.api.testng.TestNGCucumberRunner.runCucumber(TestNGCucumberRunner.java:69)
at cucumber.api.testng.AbstractTestNGCucumberTests.feature(AbstractTestNGCucumberTests.java:21)
at sun.reflect.NativeMethodAccessorImpl.invoke0(Native Method)
at sun.reflect.NativeMethodAccessorImpl.invoke(Unknown Source)
at sun.reflect.DelegatingMethodAccessorImpl.invoke(Unknown Source)
at java.lang.reflect.Method.invoke(Unknown Source)
at org.testng.internal.MethodInvocationHelper.invokeMethod(MethodInvocationHelper.java:124)
at org.testng.internal.Invoker.invokeMethod(Invoker.java:583)
at org.testng.internal.Invoker.invokeTestMethod(Invoker.java:719)
at org.testng.internal.Invoker.invokeTestMethods(Invoker.java:989)
at org.testng.internal.TestMethodWorker.invokeTestMethods(TestMethodWorker.java:125)
at org.testng.internal.TestMethodWorker.run(TestMethodWorker.java:109)
at org.testng.TestRunner.privateRun(TestRunner.java:648)
at org.testng.TestRunner.run(TestRunner.java:505)
at org.testng.SuiteRunner.runTest(SuiteRunner.java:455)
at org.testng.SuiteRunner.runSequentially(SuiteRunner.java:450)
at org.testng.SuiteRunner.privateRun(SuiteRunner.java:415)
at org.testng.SuiteRunner.run(SuiteRunner.java:364)
at org.testng.SuiteRunnerWorker.runSuite(SuiteRunnerWorker.java:52)
at org.testng.SuiteRunnerWorker.run(SuiteRunnerWorker.java:84)
at org.testng.TestNG.runSuitesSequentially(TestNG.java:1208)
at org.testng.TestNG.runSuitesLocally(TestNG.java:1137)
at org.testng.TestNG.runSuites(TestNG.java:1049)
at org.testng.TestNG.run(TestNG.java:1017)
at org.testng.remote.AbstractRemoteTestNG.run(AbstractRemoteTestNG.java:132)
at org.testng.remote.RemoteTestNG.initAndRun(RemoteTestNG.java:236)
at org.testng.remote.RemoteTestNG.main(RemoteTestNG.java:81)
Caused by: org.openqa.selenium.NoSuchElementException: no such element: Unable to locate element: {"method":"xpath","selector":"/html/body/div[4]/div/div[2]/div[2]/div/div"}
  (Session info: chrome=106.0.5249.119)
For documentation on this error, please visit: https://www.seleniumhq.org/exceptions/no_such_element.html
Build info: version: '3.141.59', revision: 'e82be7d358', time: '2018-11-14T08:17:03'
System info: host: 'RANJITHA-PC', ip: '192.168.18.174', os.name: 'Windows 10', os.arch: 'amd64', os.version: '10.0', java.version: '1.8.0_121'
Driver info: org.openqa.selenium.chrome.ChromeDriver
Capabilities {acceptInsecureCerts: false, browserName: chrome, browserVersion: 106.0.5249.119, chrome: {chromedriverVersion: 106.0.5249.61 (511755355844..., userDataDir: C:\Users\MYPC~1\AppData\Loc...}, goog:chromeOptions: {debuggerAddress: localhost:60774}, javascriptEnabled: true, networkConnectionEnabled: false, pageLoadStrategy: normal, platform: WINDOWS, platformName: WINDOWS, proxy: Proxy(), setWindowRect: true, strictFileInteractability: false, timeouts: {implicit: 0, pageLoad: 300000, script: 30000}, unhandledPromptBehavior: dismiss and notify, webauthn:extension:credBlob: true, webauthn:extension:largeBlob: true, webauthn:virtualAuthenticators: true}
Session ID: 79effa7bbf5e7b7d9c7023af35177fcd
*** Element info: {Using=xpath, value=/html/body/div[4]/div/div[2]/div[2]/div/div}
at sun.reflect.NativeConstructorAccessorImpl.newInstance0(Native Method)
at sun.reflect.NativeConstructorAccessorImpl.newInstance(Unknown Source)
at sun.reflect.DelegatingConstructorAccessorImpl.newInstance(Unknown Source)
at java.lang.reflect.Constructor.newInstance(Unknown Source)
at org.openqa.selenium.remote.http.W3CHttpResponseCodec.createException(W3CHttpResponseCodec.java:187)
at org.openqa.selenium.remote.http.W3CHttpResponseCodec.decode(W3CHttpResponseCodec.java:122)
at org.openqa.selenium.remote.http.W3CHttpResponseCodec.decode(W3CHttpResponseCodec.java:49)
at org.openqa.selenium.remote.HttpCommandExecutor.execute(HttpCommandExecutor.java:158)
at org.openqa.selenium.remote.service.DriverCommandExecutor.execute(DriverCommandExecutor.java:83)
at org.openqa.selenium.remote.RemoteWebDriver.execute(RemoteWebDriver.java:552)
at org.openqa.selenium.remote.RemoteWebDriver.findElement(RemoteWebDriver.java:323)
at org.openqa.selenium.remote.RemoteWebDriver.findElementByXPath(RemoteWebDriver.java:428)
at org.openqa.selenium.By$ByXPath.findElement(By.java:353)
at org.openqa.selenium.remote.RemoteWebDriver.findElement(RemoteWebDriver.java:315)
at stepdefinitions.CustomerLoginLibrary.valErrorMesDisplayed(CustomerLoginLibrary.java:210)
at âœ½.Then I validate the error message displayed(featurefiles/custlogintoinvalidsection.feature:20)
]]>
            </full-stacktrace>
          </exception> <!-- cucumber.runtime.CucumberException -->
          <reporter-output>
          </reporter-output>
        </test-method> <!-- feature -->
        <test-method status="PASS" signature="tearDownClass()[pri:0, instance:testrunners.CustomerLoginToInvalidSecs@dc24521]" name="tearDownClass" is-config="true" duration-ms="87" started-at="2022-10-17T15:37:53Z" finished-at="2022-10-17T15:37:53Z">
          <reporter-output>
          </reporter-output>
        </test-method> <!-- tearDownClass -->
      </class> <!-- testrunners.CustomerLoginToInvalidSecs -->
    </test> <!-- Customer Access to denied section Test -->
    <test name="Hotel Booking Test" duration-ms="112810" started-at="2022-10-17T15:37:53Z" finished-at="2022-10-17T15:39:46Z">
      <class name="testrunners.BookHotelTest">
        <test-method status="PASS" signature="setUpClass()[pri:0, instance:testrunners.BookHotelTest@3c0f93f1]" name="setUpClass" is-config="true" duration-ms="41" started-at="2022-10-17T15:37:53Z" finished-at="2022-10-17T15:37:53Z">
          <reporter-output>
          </reporter-output>
        </test-method> <!-- setUpClass -->
        <test-method status="PASS" signature="feature(cucumber.api.testng.CucumberFeatureWrapper)[pri:0, instance:testrunners.BookHotelTest@3c0f93f1]" name="feature" duration-ms="112651" started-at="2022-10-17T15:37:53Z" description="Runs Cucumber Feature" data-provider="features" finished-at="2022-10-17T15:39:46Z">
          <params>
            <param index="0">
              <value>
                <![CDATA[Book Hotel]]>
              </value>
            </param>
          </params>
          <reporter-output>
          </reporter-output>
        </test-method> <!-- feature -->
        <test-method status="PASS" signature="tearDownClass()[pri:0, instance:testrunners.BookHotelTest@3c0f93f1]" name="tearDownClass" is-config="true" duration-ms="111" started-at="2022-10-17T15:39:46Z" finished-at="2022-10-17T15:39:46Z">
          <reporter-output>
          </reporter-output>
        </test-method> <!-- tearDownClass -->
      </class> <!-- testrunners.BookHotelTest -->
    </test> <!-- Hotel Booking Test -->
    <test name="Customer Profile Management Test" duration-ms="21787" started-at="2022-10-17T15:39:46Z" finished-at="2022-10-17T15:40:08Z">
      <class name="testrunners.CustomerProfileManagementTest">
        <test-method status="PASS" signature="setUpClass()[pri:0, instance:testrunners.CustomerProfileManagementTest@4e1d422d]" name="setUpClass" is-config="true" duration-ms="31" started-at="2022-10-17T15:39:46Z" finished-at="2022-10-17T15:39:46Z">
          <reporter-output>
          </reporter-output>
        </test-method> <!-- setUpClass -->
        <test-method status="PASS" signature="feature(cucumber.api.testng.CucumberFeatureWrapper)[pri:0, instance:testrunners.CustomerProfileManagementTest@4e1d422d]" name="feature" duration-ms="21676" started-at="2022-10-17T15:39:46Z" description="Runs Cucumber Feature" data-provider="features" finished-at="2022-10-17T15:40:07Z">
          <params>
            <param index="0">
              <value>
                <![CDATA[Check Customer Profile Management]]>
              </value>
            </param>
          </params>
          <reporter-output>
          </reporter-output>
        </test-method> <!-- feature -->
        <test-method status="PASS" signature="tearDownClass()[pri:0, instance:testrunners.CustomerProfileManagementTest@4e1d422d]" name="tearDownClass" is-config="true" duration-ms="80" started-at="2022-10-17T15:40:07Z" finished-at="2022-10-17T15:40:08Z">
          <reporter-output>
          </reporter-output>
        </test-method> <!-- tearDownClass -->
      </class> <!-- testrunners.CustomerProfileManagementTest -->
    </test> <!-- Customer Profile Management Test -->
  </suite> <!-- PHPTravels Customer Module Test Suite -->
</testng-results>
